<?xml version="1.0" encoding="UTF-8"?>
<!-- Generated by org.testng.reporters.JUnitXMLReporter -->
<testsuite hostname="DESKTOP-KGFJJ8B" ignored="0" name="home page test" tests="3" failures="0" timestamp="27 Dec 2020 16:59:44 GMT" time="9.008" errors="0">
  <testcase name="verifyHomePageHeaderTest" time="0.054" classname="com.qa.hubspot.tests.HomePageTest"/>
  <testcase name="verifyLoggedInUserTesta" time="0.062" classname="com.qa.hubspot.tests.HomePageTest"/>
  <testcase name="verifyHomePageTitleTest" time="0.011" classname="com.qa.hubspot.tests.HomePageTest"/>
</testsuite> <!-- home page test -->
