<?xml version="1.0" encoding="UTF-8"?>
<!-- Generated by org.testng.reporters.JUnitXMLReporter -->
<testsuite hostname="DESKTOP-KGFJJ8B" ignored="0" name="Default test" tests="4" failures="0" timestamp="19 Dec 2020 03:22:55 GMT" time="11.963" errors="0">
  <testcase name="verifyContactsPageHeaderTest" time="0.086" classname="com.qa.hubspot.tests.ContactsPageTest"/>
  <testcase name="verifyContactsPageTitleTest" time="0.011" classname="com.qa.hubspot.tests.ContactsPageTest"/>
  <testcase name="verifyContactsTextMessageTest" time="0.062" classname="com.qa.hubspot.tests.ContactsPageTest"/>
  <testcase name="verifyErrorMessageTest" time="1.315" classname="com.qa.hubspot.tests.ContactsPageTest"/>
</testsuite> <!-- Default test -->
