<?xml version="1.0" encoding="UTF-8"?>
<!-- Generated by org.testng.reporters.JUnitXMLReporter -->
<testsuite hostname="DESKTOP-KGFJJ8B" ignored="0" name="Default test" tests="3" failures="0" timestamp="18 Dec 2020 00:54:13 GMT" time="10.048" errors="0">
  <testcase name="verifyLoginPageTitleTest" time="0.015" classname="com.qa.hubspot.tests.LoginPageTest"/>
  <testcase name="verifySigInLinkTest" time="0.089" classname="com.qa.hubspot.tests.LoginPageTest"/>
  <testcase name="loginTest" time="1.301" classname="com.qa.hubspot.tests.LoginPageTest"/>
</testsuite> <!-- Default test -->
