<?xml version="1.0" encoding="UTF-8"?>
<testng-results skipped="0" failed="0" ignored="0" total="6" passed="6">
  <reporter-output>
  </reporter-output>
  <suite name="Automationpractice regression suite" duration-ms="22300" started-at="2020-12-27T16:59:22Z" finished-at="2020-12-27T16:59:44Z">
    <groups>
    </groups>
    <test name="login page test" duration-ms="13267" started-at="2020-12-27T16:59:22Z" finished-at="2020-12-27T16:59:35Z">
      <class name="com.qa.hubspot.tests.LoginPageTest">
        <test-method status="PASS" signature="setUp()[pri:0, instance:com.qa.hubspot.tests.LoginPageTest@7c041b41]" name="setUp" is-config="true" duration-ms="10209" started-at="2020-12-27T16:59:22Z" finished-at="2020-12-27T16:59:32Z">
          <reporter-output>
          </reporter-output>
        </test-method> <!-- setUp -->
        <test-method status="PASS" signature="verifyLoginPageTitleTest()[pri:1, instance:com.qa.hubspot.tests.LoginPageTest@7c041b41]" name="verifyLoginPageTitleTest" duration-ms="93" started-at="2020-12-27T16:59:32Z" finished-at="2020-12-27T16:59:33Z">
          <reporter-output>
          </reporter-output>
        </test-method> <!-- verifyLoginPageTitleTest -->
        <test-method status="PASS" signature="verifySignInLinkTest()[pri:2, instance:com.qa.hubspot.tests.LoginPageTest@7c041b41]" name="verifySignInLinkTest" duration-ms="61" started-at="2020-12-27T16:59:33Z" finished-at="2020-12-27T16:59:33Z">
          <reporter-output>
          </reporter-output>
        </test-method> <!-- verifySignInLinkTest -->
        <test-method status="PASS" signature="loginTest()[pri:3, instance:com.qa.hubspot.tests.LoginPageTest@7c041b41]" name="loginTest" duration-ms="1983" started-at="2020-12-27T16:59:33Z" finished-at="2020-12-27T16:59:35Z">
          <reporter-output>
          </reporter-output>
        </test-method> <!-- loginTest -->
        <test-method status="PASS" signature="tearDown()[pri:0, instance:com.qa.hubspot.tests.LoginPageTest@7c041b41]" name="tearDown" is-config="true" duration-ms="764" started-at="2020-12-27T16:59:35Z" finished-at="2020-12-27T16:59:35Z">
          <reporter-output>
          </reporter-output>
        </test-method> <!-- tearDown -->
      </class> <!-- com.qa.hubspot.tests.LoginPageTest -->
    </test> <!-- login page test -->
    <test name="home page test" duration-ms="9008" started-at="2020-12-27T16:59:35Z" finished-at="2020-12-27T16:59:44Z">
      <class name="com.qa.hubspot.tests.HomePageTest">
        <test-method status="PASS" signature="setUp()[pri:0, instance:com.qa.hubspot.tests.HomePageTest@791cbf87]" name="setUp" is-config="true" duration-ms="6926" started-at="2020-12-27T16:59:35Z" finished-at="2020-12-27T16:59:42Z">
          <reporter-output>
          </reporter-output>
        </test-method> <!-- setUp -->
        <test-method status="PASS" signature="homeSetUP()[pri:0, instance:com.qa.hubspot.tests.HomePageTest@791cbf87]" name="homeSetUP" is-config="true" duration-ms="1342" started-at="2020-12-27T16:59:42Z" finished-at="2020-12-27T16:59:44Z">
          <reporter-output>
          </reporter-output>
        </test-method> <!-- homeSetUP -->
        <test-method status="PASS" signature="verifyHomePageHeaderTest()[pri:1, instance:com.qa.hubspot.tests.HomePageTest@791cbf87]" name="verifyHomePageHeaderTest" duration-ms="54" started-at="2020-12-27T16:59:44Z" finished-at="2020-12-27T16:59:44Z">
          <reporter-output>
          </reporter-output>
        </test-method> <!-- verifyHomePageHeaderTest -->
        <test-method status="PASS" signature="verifyLoggedInUserTesta()[pri:2, instance:com.qa.hubspot.tests.HomePageTest@791cbf87]" name="verifyLoggedInUserTesta" duration-ms="62" started-at="2020-12-27T16:59:44Z" finished-at="2020-12-27T16:59:44Z">
          <reporter-output>
          </reporter-output>
        </test-method> <!-- verifyLoggedInUserTesta -->
        <test-method status="PASS" signature="verifyHomePageTitleTest()[pri:3, instance:com.qa.hubspot.tests.HomePageTest@791cbf87]" name="verifyHomePageTitleTest" duration-ms="11" started-at="2020-12-27T16:59:44Z" finished-at="2020-12-27T16:59:44Z">
          <reporter-output>
          </reporter-output>
        </test-method> <!-- verifyHomePageTitleTest -->
        <test-method status="PASS" signature="tearDown()[pri:0, instance:com.qa.hubspot.tests.HomePageTest@791cbf87]" name="tearDown" is-config="true" duration-ms="594" started-at="2020-12-27T16:59:44Z" finished-at="2020-12-27T16:59:44Z">
          <reporter-output>
          </reporter-output>
        </test-method> <!-- tearDown -->
      </class> <!-- com.qa.hubspot.tests.HomePageTest -->
    </test> <!-- home page test -->
  </suite> <!-- Automationpractice regression suite -->
</testng-results>
